f:\lcc\lcc winter 2014\cs298\homework\program 4\debug\main.obj
f:\lcc\lcc winter 2014\cs298\homework\program 4\debug\asm_project.ilk
f:\lcc\lcc winter 2014\cs298\homework\program 4\debug\asm_project.exe
f:\lcc\lcc winter 2014\cs298\homework\program 4\debug\asm_project.pdb
c:\users\elias\documents\github\businessdemos\assemblydemo\debug\main.obj
c:\users\elias\documents\github\businessdemos\assemblydemo\debug\asm_project.ilk
c:\users\elias\documents\github\businessdemos\assemblydemo\debug\asm_project.write.1.tlog
c:\users\elias\documents\github\businessdemos\assemblydemo\debug\link-cvtres.read.1.tlog
c:\users\elias\documents\github\businessdemos\assemblydemo\debug\link-cvtres.write.1.tlog
c:\users\elias\documents\github\businessdemos\assemblydemo\debug\link-rc.read.1.tlog
c:\users\elias\documents\github\businessdemos\assemblydemo\debug\link-rc.write.1.tlog
c:\users\elias\documents\github\businessdemos\assemblydemo\debug\link.8200-cvtres.read.1.tlog
c:\users\elias\documents\github\businessdemos\assemblydemo\debug\link.8200-cvtres.write.1.tlog
c:\users\elias\documents\github\businessdemos\assemblydemo\debug\link.8200-rc.read.1.tlog
c:\users\elias\documents\github\businessdemos\assemblydemo\debug\link.8200-rc.write.1.tlog
c:\users\elias\documents\github\businessdemos\assemblydemo\debug\link.8200.read.1.tlog
c:\users\elias\documents\github\businessdemos\assemblydemo\debug\link.8200.write.1.tlog
c:\users\elias\documents\github\businessdemos\assemblydemo\debug\link.command.1.tlog
c:\users\elias\documents\github\businessdemos\assemblydemo\debug\link.read.1.tlog
c:\users\elias\documents\github\businessdemos\assemblydemo\debug\link.write.1.tlog
c:\users\elias\documents\github\businessdemos\assemblydemo\debug\asm_project.pdb
c:\users\elias\documents\github\businessdemos\assemblydemo\debug\asm_project.exe
c:\users\elias\documents\github\businessdemos\assemblydemo\debug\asm_project.tlog\asm_project.write.1u.tlog
